<?xml version="1.0" encoding="UTF-8"?>
<Site BuildName="Linux-g++"
	BuildStamp="20230910-1515-Experimental"
	Name="LHG"
	Generator="ctest-3.27.4"
	CompilerName="/usr/bin/g++"
	CompilerVersion="13.2.0"
	OSName="Linux"
	Hostname="LHG"
	OSRelease="6.1.0-11-amd64"
	OSVersion="#1 SMP PREEMPT_DYNAMIC Debian 6.1.38-4 (2023-08-08)"
	OSPlatform="x86_64"
	Is64Bits="1"
	VendorString="GenuineIntel"
	VendorID="Intel Corporation"
	FamilyID="6"
	ModelID="151"
	ProcessorCacheSize="30720"
	NumberOfLogicalCPU="24"
	NumberOfPhysicalCPU="16"
	TotalVirtualMemory="0"
	TotalPhysicalMemory="64109"
	LogicalProcessorsPerPhysical="1"
	ProcessorClockFrequency="801.232"
	>
	<Testing>
		<StartDateTime>Sep 10 23:15 CST</StartDateTime>
		<StartTestTime>1694358905</StartTestTime>
		<TestList/>
		<EndDateTime>Sep 10 23:15 CST</EndDateTime>
		<EndTestTime>1694358905</EndTestTime>
		<ElapsedMinutes>0</ElapsedMinutes>
	</Testing>
</Site>
